<?xml version="1.0" encoding="UTF-8"?>
<!-- Generated by org.testng.reporters.JUnitReportReporter -->
<testsuite name="SeleniumPractice.demoOpenCart.pageFactory_Tests" tests="31" time="486.648" ignored="0" failures="0" timestamp="22 Jun 2020 16:44:23 GMT" skipped="0" hostname="pooja" errors="2">
  <testcase name="Register_Negative_Different_Password" time="12.201" classname="SeleniumPractice.demoOpenCart.pageFactory_Tests"/>
  <testcase name="Register_Negative_Blank_Lname" time="9.005" classname="SeleniumPractice.demoOpenCart.pageFactory_Tests"/>
  <testcase name="Register_Negative_InvalidFname_Length" time="11.666" classname="SeleniumPractice.demoOpenCart.pageFactory_Tests"/>
  <testcase name="Add_To_Cart_From_Wishlist" time="36.278" classname="SeleniumPractice.demoOpenCart.pageFactory_Tests"/>
  <testcase name="login_Negative_InvalidEmail_InvalidPassword" time="14.211" classname="SeleniumPractice.demoOpenCart.pageFactory_Tests"/>
  <testcase name="Register_All_Positive" time="20.920" classname="SeleniumPractice.demoOpenCart.pageFactory_Tests"/>
  <testcase name="Register_Negative_Blank_Email" time="6.862" classname="SeleniumPractice.demoOpenCart.pageFactory_Tests"/>
  <testcase name="Transaction_Page_View" time="14.462" classname="SeleniumPractice.demoOpenCart.pageFactory_Tests"/>
  <testcase name="Register_Negative_Blank_Fname" time="8.173" classname="SeleniumPractice.demoOpenCart.pageFactory_Tests"/>
  <testcase name="Register_Negative_Unchecked_Privacy_Policy" time="13.359" classname="SeleniumPractice.demoOpenCart.pageFactory_Tests"/>
  <testcase name="Register_Negative_Duplicate_Email" time="9.648" classname="SeleniumPractice.demoOpenCart.pageFactory_Tests"/>
  <testcase name="Register_Negative_InvalidLname_Length" time="9.739" classname="SeleniumPractice.demoOpenCart.pageFactory_Tests"/>
  <testcase name="Download_Page_View" time="21.049" classname="SeleniumPractice.demoOpenCart.pageFactory_Tests"/>
  <testcase name="Order_History_View" time="25.585" classname="SeleniumPractice.demoOpenCart.pageFactory_Tests"/>
  <testcase name="login_Negative_InvalidPassword" time="6.114" classname="SeleniumPractice.demoOpenCart.pageFactory_Tests"/>
  <testcase name="Register_Negative_Invalid_Teleno_LengthLong" time="17.676" classname="SeleniumPractice.demoOpenCart.pageFactory_Tests"/>
  <testcase name="Search_by_loggedin" time="29.770" classname="SeleniumPractice.demoOpenCart.pageFactory_Tests">
    <error type="org.openqa.selenium.NoSuchElementException" message="no such element: Unable to locate element: {&quot;method&quot;:&quot;link text&quot;,&quot;selector&quot;:&quot;Login&quot;}
  (Session info: chrome=83.0.4103.61)
For documentation on this error, please visit: http://seleniumhq.org/exceptions/no_such_element.html
Build info: version: &#039;3.141.0&#039;, revision: &#039;2ecb7d9a&#039;, time: &#039;2018-10-31T20:09:30&#039;
System info: host: &#039;POOJA&#039;, ip: &#039;192.168.43.229&#039;, os.name: &#039;Windows 8.1&#039;, os.arch: &#039;amd64&#039;, os.version: &#039;6.3&#039;, java.version: &#039;1.8.0_181&#039;
Driver info: org.openqa.selenium.chrome.ChromeDriver
Capabilities {acceptInsecureCerts: false, browserName: chrome, browserVersion: 83.0.4103.61, chrome: {chromedriverVersion: 83.0.4103.39 (ccbf011cb2d2b..., userDataDir: C:\Users\sys\AppData\Local\...}, goog:chromeOptions: {debuggerAddress: localhost:59691}, javascriptEnabled: true, networkConnectionEnabled: false, pageLoadStrategy: normal, platform: WINDOWS, platformName: WINDOWS, proxy: Proxy(), setWindowRect: true, strictFileInteractability: false, timeouts: {implicit: 0, pageLoad: 300000, script: 30000}, unhandledPromptBehavior: dismiss and notify, webauthn:virtualAuthenticators: true}
Session ID: dd5bca1d7a50613e6782415b0dfcc1cb
*** Element info: {Using=link text, value=Login}">
      <![CDATA[org.openqa.selenium.NoSuchElementException: no such element: Unable to locate element: {"method":"link text","selector":"Login"}
  (Session info: chrome=83.0.4103.61)
For documentation on this error, please visit: http://seleniumhq.org/exceptions/no_such_element.html
Build info: version: '3.141.0', revision: '2ecb7d9a', time: '2018-10-31T20:09:30'
System info: host: 'POOJA', ip: '192.168.43.229', os.name: 'Windows 8.1', os.arch: 'amd64', os.version: '6.3', java.version: '1.8.0_181'
Driver info: org.openqa.selenium.chrome.ChromeDriver
Capabilities {acceptInsecureCerts: false, browserName: chrome, browserVersion: 83.0.4103.61, chrome: {chromedriverVersion: 83.0.4103.39 (ccbf011cb2d2b..., userDataDir: C:\Users\sys\AppData\Local\...}, goog:chromeOptions: {debuggerAddress: localhost:59691}, javascriptEnabled: true, networkConnectionEnabled: false, pageLoadStrategy: normal, platform: WINDOWS, platformName: WINDOWS, proxy: Proxy(), setWindowRect: true, strictFileInteractability: false, timeouts: {implicit: 0, pageLoad: 300000, script: 30000}, unhandledPromptBehavior: dismiss and notify, webauthn:virtualAuthenticators: true}
Session ID: dd5bca1d7a50613e6782415b0dfcc1cb
*** Element info: {Using=link text, value=Login}
	at sun.reflect.NativeConstructorAccessorImpl.newInstance0(Native Method)
	at sun.reflect.NativeConstructorAccessorImpl.newInstance(NativeConstructorAccessorImpl.java:62)
	at sun.reflect.DelegatingConstructorAccessorImpl.newInstance(DelegatingConstructorAccessorImpl.java:45)
	at java.lang.reflect.Constructor.newInstance(Constructor.java:423)
	at org.openqa.selenium.remote.http.W3CHttpResponseCodec.createException(W3CHttpResponseCodec.java:187)
	at org.openqa.selenium.remote.http.W3CHttpResponseCodec.decode(W3CHttpResponseCodec.java:122)
	at org.openqa.selenium.remote.http.W3CHttpResponseCodec.decode(W3CHttpResponseCodec.java:49)
	at org.openqa.selenium.remote.HttpCommandExecutor.execute(HttpCommandExecutor.java:158)
	at org.openqa.selenium.remote.service.DriverCommandExecutor.execute(DriverCommandExecutor.java:83)
	at org.openqa.selenium.remote.RemoteWebDriver.execute(RemoteWebDriver.java:552)
	at org.openqa.selenium.remote.RemoteWebDriver.findElement(RemoteWebDriver.java:323)
	at org.openqa.selenium.remote.RemoteWebDriver.findElementByLinkText(RemoteWebDriver.java:380)
	at org.openqa.selenium.By$ByLinkText.findElement(By.java:220)
	at org.openqa.selenium.remote.RemoteWebDriver.findElement(RemoteWebDriver.java:315)
	at org.openqa.selenium.support.pagefactory.DefaultElementLocator.findElement(DefaultElementLocator.java:69)
	at org.openqa.selenium.support.pagefactory.internal.LocatingElementHandler.invoke(LocatingElementHandler.java:38)
	at com.sun.proxy.$Proxy9.click(Unknown Source)
	at SeleniumPractice.demoOpenCart.HomePage.Click_login_from_MyAccount(HomePage.java:28)
	at SeleniumPractice.demoOpenCart.pageFactory_Tests.Search_by_loggedin(pageFactory_Tests.java:396)
	at sun.reflect.NativeMethodAccessorImpl.invoke0(Native Method)
	at sun.reflect.NativeMethodAccessorImpl.invoke(NativeMethodAccessorImpl.java:62)
	at sun.reflect.DelegatingMethodAccessorImpl.invoke(DelegatingMethodAccessorImpl.java:43)
	at java.lang.reflect.Method.invoke(Method.java:498)
	at org.testng.internal.MethodInvocationHelper.invokeMethod(MethodInvocationHelper.java:104)
	at org.testng.internal.Invoker.invokeMethod(Invoker.java:645)
	at org.testng.internal.Invoker.invokeTestMethod(Invoker.java:851)
	at org.testng.internal.Invoker.invokeTestMethods(Invoker.java:1177)
	at org.testng.internal.TestMethodWorker.invokeTestMethods(TestMethodWorker.java:129)
	at org.testng.internal.TestMethodWorker.run(TestMethodWorker.java:112)
	at org.testng.TestRunner.privateRun(TestRunner.java:756)
	at org.testng.TestRunner.run(TestRunner.java:610)
	at org.testng.SuiteRunner.runTest(SuiteRunner.java:387)
	at org.testng.SuiteRunner.runSequentially(SuiteRunner.java:382)
	at org.testng.SuiteRunner.privateRun(SuiteRunner.java:340)
	at org.testng.SuiteRunner.run(SuiteRunner.java:289)
	at org.testng.SuiteRunnerWorker.runSuite(SuiteRunnerWorker.java:52)
	at org.testng.SuiteRunnerWorker.run(SuiteRunnerWorker.java:86)
	at org.testng.TestNG.runSuitesSequentially(TestNG.java:1293)
	at org.testng.TestNG.runSuitesLocally(TestNG.java:1218)
	at org.testng.TestNG.runSuites(TestNG.java:1133)
	at org.testng.TestNG.run(TestNG.java:1104)
	at org.testng.remote.AbstractRemoteTestNG.run(AbstractRemoteTestNG.java:115)
	at org.testng.remote.RemoteTestNG.initAndRun(RemoteTestNG.java:251)
	at org.testng.remote.RemoteTestNG.main(RemoteTestNG.java:77)
]]>
    </error>
  </testcase> <!-- Search_by_loggedin -->
  <testcase name="Add_To_Wishlist" time="35.127" classname="SeleniumPractice.demoOpenCart.pageFactory_Tests"/>
  <testcase name="Update_Cart_From_Shopping_Cart" time="33.407" classname="SeleniumPractice.demoOpenCart.pageFactory_Tests">
    <error type="org.openqa.selenium.ElementNotInteractableException" message="element not interactable
  (Session info: chrome=83.0.4103.61)
Build info: version: &#039;3.141.0&#039;, revision: &#039;2ecb7d9a&#039;, time: &#039;2018-10-31T20:09:30&#039;
System info: host: &#039;POOJA&#039;, ip: &#039;192.168.43.229&#039;, os.name: &#039;Windows 8.1&#039;, os.arch: &#039;amd64&#039;, os.version: &#039;6.3&#039;, java.version: &#039;1.8.0_181&#039;
Driver info: org.openqa.selenium.chrome.ChromeDriver
Capabilities {acceptInsecureCerts: false, browserName: chrome, browserVersion: 83.0.4103.61, chrome: {chromedriverVersion: 83.0.4103.39 (ccbf011cb2d2b..., userDataDir: C:\Users\sys\AppData\Local\...}, goog:chromeOptions: {debuggerAddress: localhost:59691}, javascriptEnabled: true, networkConnectionEnabled: false, pageLoadStrategy: normal, platform: WINDOWS, platformName: WINDOWS, proxy: Proxy(), setWindowRect: true, strictFileInteractability: false, timeouts: {implicit: 0, pageLoad: 300000, script: 30000}, unhandledPromptBehavior: dismiss and notify, webauthn:virtualAuthenticators: true}
Session ID: dd5bca1d7a50613e6782415b0dfcc1cb">
      <![CDATA[org.openqa.selenium.ElementNotInteractableException: element not interactable
  (Session info: chrome=83.0.4103.61)
Build info: version: '3.141.0', revision: '2ecb7d9a', time: '2018-10-31T20:09:30'
System info: host: 'POOJA', ip: '192.168.43.229', os.name: 'Windows 8.1', os.arch: 'amd64', os.version: '6.3', java.version: '1.8.0_181'
Driver info: org.openqa.selenium.chrome.ChromeDriver
Capabilities {acceptInsecureCerts: false, browserName: chrome, browserVersion: 83.0.4103.61, chrome: {chromedriverVersion: 83.0.4103.39 (ccbf011cb2d2b..., userDataDir: C:\Users\sys\AppData\Local\...}, goog:chromeOptions: {debuggerAddress: localhost:59691}, javascriptEnabled: true, networkConnectionEnabled: false, pageLoadStrategy: normal, platform: WINDOWS, platformName: WINDOWS, proxy: Proxy(), setWindowRect: true, strictFileInteractability: false, timeouts: {implicit: 0, pageLoad: 300000, script: 30000}, unhandledPromptBehavior: dismiss and notify, webauthn:virtualAuthenticators: true}
Session ID: dd5bca1d7a50613e6782415b0dfcc1cb
	at sun.reflect.NativeConstructorAccessorImpl.newInstance0(Native Method)
	at sun.reflect.NativeConstructorAccessorImpl.newInstance(NativeConstructorAccessorImpl.java:62)
	at sun.reflect.DelegatingConstructorAccessorImpl.newInstance(DelegatingConstructorAccessorImpl.java:45)
	at java.lang.reflect.Constructor.newInstance(Constructor.java:423)
	at org.openqa.selenium.remote.http.W3CHttpResponseCodec.createException(W3CHttpResponseCodec.java:187)
	at org.openqa.selenium.remote.http.W3CHttpResponseCodec.decode(W3CHttpResponseCodec.java:122)
	at org.openqa.selenium.remote.http.W3CHttpResponseCodec.decode(W3CHttpResponseCodec.java:49)
	at org.openqa.selenium.remote.HttpCommandExecutor.execute(HttpCommandExecutor.java:158)
	at org.openqa.selenium.remote.service.DriverCommandExecutor.execute(DriverCommandExecutor.java:83)
	at org.openqa.selenium.remote.RemoteWebDriver.execute(RemoteWebDriver.java:552)
	at org.openqa.selenium.remote.RemoteWebElement.execute(RemoteWebElement.java:285)
	at org.openqa.selenium.remote.RemoteWebElement.click(RemoteWebElement.java:84)
	at sun.reflect.GeneratedMethodAccessor1.invoke(Unknown Source)
	at sun.reflect.DelegatingMethodAccessorImpl.invoke(DelegatingMethodAccessorImpl.java:43)
	at java.lang.reflect.Method.invoke(Method.java:498)
	at org.openqa.selenium.support.pagefactory.internal.LocatingElementHandler.invoke(LocatingElementHandler.java:51)
	at com.sun.proxy.$Proxy9.click(Unknown Source)
	at SeleniumPractice.demoOpenCart.UserFeatures.ClickShoppingCartViewButton(UserFeatures.java:97)
	at SeleniumPractice.demoOpenCart.pageFactory_Tests.Update_Cart_From_Shopping_Cart(pageFactory_Tests.java:387)
	at sun.reflect.NativeMethodAccessorImpl.invoke0(Native Method)
	at sun.reflect.NativeMethodAccessorImpl.invoke(NativeMethodAccessorImpl.java:62)
	at sun.reflect.DelegatingMethodAccessorImpl.invoke(DelegatingMethodAccessorImpl.java:43)
	at java.lang.reflect.Method.invoke(Method.java:498)
	at org.testng.internal.MethodInvocationHelper.invokeMethod(MethodInvocationHelper.java:104)
	at org.testng.internal.Invoker.invokeMethod(Invoker.java:645)
	at org.testng.internal.Invoker.invokeTestMethod(Invoker.java:851)
	at org.testng.internal.Invoker.invokeTestMethods(Invoker.java:1177)
	at org.testng.internal.TestMethodWorker.invokeTestMethods(TestMethodWorker.java:129)
	at org.testng.internal.TestMethodWorker.run(TestMethodWorker.java:112)
	at org.testng.TestRunner.privateRun(TestRunner.java:756)
	at org.testng.TestRunner.run(TestRunner.java:610)
	at org.testng.SuiteRunner.runTest(SuiteRunner.java:387)
	at org.testng.SuiteRunner.runSequentially(SuiteRunner.java:382)
	at org.testng.SuiteRunner.privateRun(SuiteRunner.java:340)
	at org.testng.SuiteRunner.run(SuiteRunner.java:289)
	at org.testng.SuiteRunnerWorker.runSuite(SuiteRunnerWorker.java:52)
	at org.testng.SuiteRunnerWorker.run(SuiteRunnerWorker.java:86)
	at org.testng.TestNG.runSuitesSequentially(TestNG.java:1293)
	at org.testng.TestNG.runSuitesLocally(TestNG.java:1218)
	at org.testng.TestNG.runSuites(TestNG.java:1133)
	at org.testng.TestNG.run(TestNG.java:1104)
	at org.testng.remote.AbstractRemoteTestNG.run(AbstractRemoteTestNG.java:115)
	at org.testng.remote.RemoteTestNG.initAndRun(RemoteTestNG.java:251)
	at org.testng.remote.RemoteTestNG.main(RemoteTestNG.java:77)
]]>
    </error>
  </testcase> <!-- Update_Cart_From_Shopping_Cart -->
  <testcase name="login_Negative_WrongFormatEmail" time="5.851" classname="SeleniumPractice.demoOpenCart.pageFactory_Tests"/>
  <testcase name="Register_Negative_Short_Password_Length" time="35.382" classname="SeleniumPractice.demoOpenCart.pageFactory_Tests"/>
  <testcase name="login_Positive" time="10.059" classname="SeleniumPractice.demoOpenCart.pageFactory_Tests"/>
  <testcase name="Register_Negative_Invalid_Email" time="8.106" classname="SeleniumPractice.demoOpenCart.pageFactory_Tests"/>
  <testcase name="Search_without_loggedin" time="17.037" classname="SeleniumPractice.demoOpenCart.pageFactory_Tests"/>
  <testcase name="Register_Negative_Blank_Password_Length" time="8.727" classname="SeleniumPractice.demoOpenCart.pageFactory_Tests"/>
  <testcase name="login_Negative_InvalidEmail" time="7.318" classname="SeleniumPractice.demoOpenCart.pageFactory_Tests"/>
  <testcase name="Register_Negative_Invalid_Teleno_LengthShort" time="12.771" classname="SeleniumPractice.demoOpenCart.pageFactory_Tests"/>
  <testcase name="Register_Negative_Blank_Teleno_Length" time="18.955" classname="SeleniumPractice.demoOpenCart.pageFactory_Tests"/>
  <testcase name="Register_Negative_Long_Password_Length" time="15.670" classname="SeleniumPractice.demoOpenCart.pageFactory_Tests"/>
  <testcase name="Add_To_Cart_From_Productview" time="4.505" classname="SeleniumPractice.demoOpenCart.pageFactory_Tests"/>
  <testcase name="login_Negative_Blank" time="7.015" classname="SeleniumPractice.demoOpenCart.pageFactory_Tests"/>
</testsuite> <!-- SeleniumPractice.demoOpenCart.pageFactory_Tests -->
